<?xml version="1.0" encoding="UTF-8"?>
<testsuite xmlns:xsi="http://www.w3.org/2001/XMLSchema-instance" xsi:noNamespaceSchemaLocation="https://maven.apache.org/surefire/maven-surefire-plugin/xsd/surefire-test-report.xsd" name="memorypalace.TestListOfDouble" time="0.162" tests="12" errors="0" skipped="0" failures="0">
  <properties>
    <property name="sun.desktop" value="windows"/>
    <property name="awt.toolkit" value="sun.awt.windows.WToolkit"/>
    <property name="java.specification.version" value="11"/>
    <property name="sun.cpu.isalist" value="amd64"/>
    <property name="sun.jnu.encoding" value="Cp1252"/>
    <property name="java.class.path" value="C:\code\github\MemoryPalace-core\target\test-classes;C:\Users\dmclean\.m2\repository\junit\junit\4.13.2\junit-4.13.2.jar;C:\Users\dmclean\.m2\repository\org\hamcrest\hamcrest-core\1.3\hamcrest-core-1.3.jar;"/>
    <property name="java.vm.vendor" value="GraalVM Community"/>
    <property name="sun.arch.data.model" value="64"/>
    <property name="user.variant" value=""/>
    <property name="java.vendor.url" value="https://www.graalvm.org/"/>
    <property name="user.timezone" value="America/New_York"/>
    <property name="java.vm.specification.version" value="11"/>
    <property name="os.name" value="Windows 10"/>
    <property name="sun.java.launcher" value="SUN_STANDARD"/>
    <property name="user.country" value="CA"/>
    <property name="sun.boot.library.path" value="C:\Java\graalvm-ce-java11-21.3.0\bin"/>
    <property name="sun.java.command" value="org.apache.maven.surefire.booter.ForkedBooter C:\Users\dmclean\AppData\Local\Temp\surefire8665612261150490359 2022-02-17T19-50-59_422-jvmRun1 surefire11854962357432604389tmp surefire_04147984336808819122tmp"/>
    <property name="jdk.debug" value="release"/>
    <property name="surefire.test.class.path" value="C:\code\github\MemoryPalace-core\target\test-classes;C:\Users\dmclean\.m2\repository\junit\junit\4.13.2\junit-4.13.2.jar;C:\Users\dmclean\.m2\repository\org\hamcrest\hamcrest-core\1.3\hamcrest-core-1.3.jar;"/>
    <property name="sun.cpu.endian" value="little"/>
    <property name="user.home" value="C:\Users\dmclean"/>
    <property name="user.language" value="en"/>
    <property name="java.specification.vendor" value="Oracle Corporation"/>
    <property name="jdk.module.path" value="C:\code\github\MemoryPalace-core\target\classes"/>
    <property name="java.version.date" value="2021-10-19"/>
    <property name="java.home" value="C:\Java\graalvm-ce-java11-21.3.0"/>
    <property name="file.separator" value="\"/>
    <property name="basedir" value="C:\code\github\MemoryPalace-core"/>
    <property name="java.vm.compressedOopsMode" value="Zero based"/>
    <property name="line.separator" value="&#10;"/>
    <property name="jdk.internal.vm.ci.enabled" value="true"/>
    <property name="java.specification.name" value="Java Platform API Specification"/>
    <property name="java.vm.specification.vendor" value="Oracle Corporation"/>
    <property name="java.awt.graphicsenv" value="sun.awt.Win32GraphicsEnvironment"/>
    <property name="surefire.real.class.path" value="C:\Users\dmclean\.m2\repository\org\apache\maven\surefire\surefire-booter\2.22.1\surefire-booter-2.22.1.jar;C:\Users\dmclean\.m2\repository\org\apache\maven\surefire\surefire-api\2.22.1\surefire-api-2.22.1.jar;C:\Users\dmclean\.m2\repository\org\apache\maven\surefire\surefire-logger-api\2.22.1\surefire-logger-api-2.22.1.jar;C:\code\github\MemoryPalace-core\target\test-classes;C:\Users\dmclean\.m2\repository\junit\junit\4.13.2\junit-4.13.2.jar;C:\Users\dmclean\.m2\repository\org\hamcrest\hamcrest-core\1.3\hamcrest-core-1.3.jar;C:\Users\dmclean\.m2\repository\org\apache\maven\surefire\surefire-junit4\2.22.1\surefire-junit4-2.22.1.jar"/>
    <property name="user.script" value=""/>
    <property name="sun.management.compiler" value="HotSpot 64-Bit Tiered Compilers"/>
    <property name="java.runtime.version" value="11.0.13+7-jvmci-21.3-b05"/>
    <property name="user.name" value="dmclean"/>
    <property name="path.separator" value=";"/>
    <property name="os.version" value="10.0"/>
    <property name="java.runtime.name" value="OpenJDK Runtime Environment"/>
    <property name="file.encoding" value="Cp1252"/>
    <property name="java.vm.name" value="OpenJDK 64-Bit Server VM"/>
    <property name="java.vendor.version" value="GraalVM CE 21.3.0"/>
    <property name="localRepository" value="C:\Users\dmclean\.m2\repository"/>
    <property name="java.vendor.url.bug" value="https://github.com/oracle/graal/issues"/>
    <property name="java.io.tmpdir" value="C:\Users\dmclean\AppData\Local\Temp\"/>
    <property name="idea.version" value="2021.2.2"/>
    <property name="java.version" value="11.0.13"/>
    <property name="user.dir" value="C:\code\github\MemoryPalace-core"/>
    <property name="os.arch" value="amd64"/>
    <property name="java.vm.specification.name" value="Java Virtual Machine Specification"/>
    <property name="java.awt.printerjob" value="sun.awt.windows.WPrinterJob"/>
    <property name="sun.os.patch.level" value=""/>
    <property name="java.library.path" value="C:\Java\graalvm-ce-java11-21.3.0\bin;C:\WINDOWS\Sun\Java\bin;C:\WINDOWS\system32;C:\WINDOWS;C:\java\jdk-17\bin;C:\WINDOWS\system32;C:\WINDOWS;C:\WINDOWS\System32\Wbem;C:\WINDOWS\System32\WindowsPowerShell\v1.0\;C:\WINDOWS\System32\OpenSSH\;C:\Program Files\TortoiseSVN\bin;C:\Program Files\MATLAB\R2021b\bin;C:\Program Files\MATLAB\R2020b\bin;C:\Program Files\MATLAB\R2019b\bin;C:\Program Files\Microsoft Windows Performance Toolkit\;C:\Program Files\Git\cmd;C:\Program Files\MATLAB\R2015aSP1\bin;C:\Program Files (x86)\SR Research\Eyelink\LIBS;C:\Program Files (x86)\SR Research\Eyelink\bin;C:\Program Files (x86)\SR Research\Eyelink\bin\64;C:\Program Files (x86)\SR Research\Eyelink\LIBS\x64;C:\Program Files\NVIDIA Corporation\NVIDIA NvDLISR;C:\Users\dmclean\AppData\Local\Microsoft\WindowsApps;C:\java\apache-ant-1.10.7\bin;C:\Program Files\MATLAB\R2019b\bin\win64;C:\java\wix311-binaries;;."/>
    <property name="java.vm.info" value="mixed mode"/>
    <property name="java.vendor" value="GraalVM Community"/>
    <property name="java.vm.version" value="11.0.13+7-jvmci-21.3-b05"/>
    <property name="sun.io.unicode.encoding" value="UnicodeLittle"/>
    <property name="java.class.version" value="55.0"/>
  </properties>
  <testcase name="testExceptions" classname="memorypalace.TestListOfDouble" time="0.033"/>
  <testcase name="testAdd" classname="memorypalace.TestListOfDouble" time="0.023"/>
  <testcase name="testSet" classname="memorypalace.TestListOfDouble" time="0.004"/>
  <testcase name="testDoubleIterator" classname="memorypalace.TestListOfDouble" time="0.008"/>
  <testcase name="testForEach" classname="memorypalace.TestListOfDouble" time="0.005"/>
  <testcase name="testNoOverload" classname="memorypalace.TestListOfDouble" time="0.014"/>
  <testcase name="testTrimToSize" classname="memorypalace.TestListOfDouble" time="0.01"/>
  <testcase name="testAddAll" classname="memorypalace.TestListOfDouble" time="0.007"/>
  <testcase name="testInsert" classname="memorypalace.TestListOfDouble" time="0.008"/>
  <testcase name="testRemove" classname="memorypalace.TestListOfDouble" time="0.007"/>
  <testcase name="testStream" classname="memorypalace.TestListOfDouble" time="0.002"/>
  <testcase name="testIterator" classname="memorypalace.TestListOfDouble" time="0.008"/>
</testsuite>